<?xml version="1.0" encoding="UTF-8"?>
<testng-results ignored="0" total="1" passed="1" failed="0" skipped="0">
  <reporter-output>
  </reporter-output>
  <suite started-at="2021-09-06T22:06:14 EDT" name="Default suite" finished-at="2021-09-06T22:06:14 EDT" duration-ms="489">
    <groups>
    </groups>
    <test started-at="2021-09-06T22:06:14 EDT" name="Default test" finished-at="2021-09-06T22:06:14 EDT" duration-ms="489">
      <class name="com.util.SeleniumHelper">
        <test-method signature="readXl()[pri:0, instance:com.util.SeleniumHelper@78b1cc93]" started-at="2021-09-06T22:06:14 EDT" name="readXl" finished-at="2021-09-06T22:06:14 EDT" duration-ms="443" status="PASS">
          <reporter-output>
          </reporter-output>
        </test-method> <!-- readXl -->
      </class> <!-- com.util.SeleniumHelper -->
    </test> <!-- Default test -->
  </suite> <!-- Default suite -->
</testng-results>
