<?xml version="1.0" encoding="UTF-8"?>
<testng-results ignored="0" total="1" passed="1" failed="0" skipped="0">
  <reporter-output>
  </reporter-output>
  <suite started-at="2021-09-09T00:55:05 EDT" name="Default suite" finished-at="2021-09-09T00:55:06 EDT" duration-ms="547">
    <groups>
    </groups>
    <test started-at="2021-09-09T00:55:05 EDT" name="Default test" finished-at="2021-09-09T00:55:06 EDT" duration-ms="547">
      <class name="demo.test.BaseTest">
        <test-method signature="readXl()[pri:0, instance:demo.test.BaseTest@78b1cc93]" started-at="2021-09-09T00:55:05 EDT" name="readXl" finished-at="2021-09-09T00:55:06 EDT" duration-ms="484" status="PASS">
          <reporter-output>
          </reporter-output>
        </test-method> <!-- readXl -->
      </class> <!-- demo.test.BaseTest -->
    </test> <!-- Default test -->
  </suite> <!-- Default suite -->
</testng-results>
